<?xml version="1.0" encoding="UTF-8"?>
<!-- Generated by org.testng.reporters.JUnitReportReporter -->
<testsuite hostname="LAPTOP-FQ27Q7TD" failures="0" tests="1" name="Academy.ValidateNavigationBar" time="1.990" errors="0" timestamp="2021-05-15T22:23:21 IST" skipped="0">
  <testcase classname="Academy.ValidateNavigationBar" name="basePageNavigation" time="1.990"/>
  <system-out/>
</testsuite> <!-- Academy.ValidateNavigationBar -->
