<?xml version="1.0" encoding="UTF-8"?>
<!-- Generated by org.testng.reporters.JUnitReportReporter -->
<testsuite hostname="LAPTOP-FQ27Q7TD" failures="0" tests="1" name="Academy.ValidateNavigationBar" time="0.790" errors="0" timestamp="2021-05-15T17:52:17 IST" skipped="0">
  <testcase classname="Academy.ValidateNavigationBar" name="basePageNavigation" time="0.790"/>
  <system-out/>
</testsuite> <!-- Academy.ValidateNavigationBar -->
