<?xml version="1.0" encoding="UTF-8"?>
<!-- Generated by org.testng.reporters.JUnitReportReporter -->
<testsuite hostname="LAPTOP-FQ27Q7TD" failures="0" tests="2" name="Academy.HomePage" time="58.470" errors="0" timestamp="2021-05-15T17:52:17 IST" skipped="0">
  <testcase classname="Academy.HomePage" name="basePageNavigation" time="46.884"/>
  <system-out/>
  <testcase classname="Academy.HomePage" name="basePageNavigation" time="11.586"/>
  <system-out/>
</testsuite> <!-- Academy.HomePage -->
